<?xml version="1.0" encoding="UTF-8"?>
<!-- Generated by org.testng.reporters.JUnitReportReporter -->
<testsuite name="gradledemo.basicTest" tests="1" time="7.882" ignored="0" failures="0" timestamp="20 Feb 2020 06:00:17 GMT" skipped="0" hostname="BLT1214" errors="0">
  <testcase name="key" time="7.882" classname="gradledemo.basicTest"/>
</testsuite> <!-- gradledemo.basicTest -->
